*** PF INFO ***
Time     : Fri Dec 16 15:02:31 2022
System   : C:/Users/Laptop DF 2/Documents/GitHub/robot_teach_in/Virtual_RobotTeachIn
RobotWare: 7.8.0
RobotControl: 7.8.0
Shutdown type: 1 mode: 1 reason: 1 
Image lost in previous shutdown: no
CFG counter value  :  7330
Unfinished crit sec:  0

*** PF INFO ***
Time     : Fri Dec 16 15:02:50 2022
System   : C:/Users/Laptop DF 2/Documents/GitHub/robot_teach_in/Virtual_RobotTeachIn
RobotWare: 7.8.0
RobotControl: 7.8.0
Shutdown type: 1 mode: 1 reason: 1 
Image lost in previous shutdown: no
CFG counter value  :  8245
Unfinished crit sec:  0

*** PF INFO ***
Time     : Fri Dec 16 15:03:17 2022
System   : C:/Users/Laptop DF 2/Documents/GitHub/robot_teach_in/Virtual_RobotTeachIn
RobotWare: 7.8.0
RobotControl: 7.8.0
Shutdown type: 1 mode: 1 reason: 1 
Image lost in previous shutdown: no
CFG counter value  :  8335
Unfinished crit sec:  0

*** PF INFO ***
Time     : Fri Dec 16 15:07:12 2022
System   : C:/Users/Laptop DF 2/Documents/GitHub/robot_teach_in/Virtual_RobotTeachIn
RobotWare: 7.8.0
RobotControl: 7.8.0
Shutdown type: 1 mode: 1 reason: 1 
Image lost in previous shutdown: no
CFG counter value  :  8427
Unfinished crit sec:  0

