<13>Jan  2 11:57:54 Virtual_RobotTeachIn ABB-UAL:01:Log-in successful|-|UAS_UID=458759|1110|01001|-|robot|Admin	1001
<13>Jan  2 11:57:54 Virtual_RobotTeachIn ABB-UAL:01:Log-in successful|-|UAS_UID=524296|1110|01002|-|robot|Admin	1002
<13>Jan  2 17:48:05 Virtual_RobotTeachIn ABB-UAL:01:Log-out (user logged out)|-|UAS_UID=524296|1210|01003|-|robot|	1003
<13>Jan  2 17:48:05 Virtual_RobotTeachIn ABB-UAL:01:Log-out (user logged out)|-|UAS_UID=458759|1210|01004|-|robot|	1004
<13>Jan  2 17:48:05 Virtual_RobotTeachIn ABB-UAL:01:Log-out (user logged out)|-|Socket=8324|1210|01005|-|robot|	1005
<13>Jan  3 08:10:05 Virtual_RobotTeachIn ABB-UAL:01:Log-in successful|-|UAS_UID=65537|1110|01006|-|robot|NativeUser	1006
<13>Jan  3 08:10:06 Virtual_RobotTeachIn ABB-UAL:01:Log-in successful|-|UAS_UID=131074|1110|01007|-|robot|NativeUser	1007
<13>Jan  3 08:10:07 Virtual_RobotTeachIn ABB-UAL:01:Log-in successful|-|UAS_UID=196611|1110|01008|-|robot|NativeUser	1008
<13>Jan  3 08:10:07 Virtual_RobotTeachIn ABB-UAL:01:Log-in successful|-|UAS_UID=262148|1110|01009|-|robot|NativeUser	1009
<13>Jan  3 08:10:07 Virtual_RobotTeachIn ABB-UAL:01:Log-in successful|-|UAS_UID=327685|1110|01010|-|robot|NativeUser	1010
<13>Jan  3 08:10:07 Virtual_RobotTeachIn ABB-UAL:01:Log-in successful|-|UAS_UID=393222|1110|01011|-|robot|NativeUser	1011
<13>Jan  3 08:10:13 Virtual_RobotTeachIn ABB-UAL:01:Log-in successful|-|UAS_UID=458759|1110|01012|-|robot|Admin	1012
<13>Jan  3 08:10:14 Virtual_RobotTeachIn ABB-UAL:01:Log-in successful|-|UAS_UID=524296|1110|01013|-|robot|Admin	1013
<13>Jan  3 12:55:16 Virtual_RobotTeachIn ABB-UAL:01:Log-out (user logged out)|-|UAS_UID=524296|1210|01014|-|robot|	1014
<13>Jan  3 12:55:16 Virtual_RobotTeachIn ABB-UAL:01:Log-out (user logged out)|-|UAS_UID=458759|1210|01015|-|robot|	1015
<13>Jan  3 12:55:16 Virtual_RobotTeachIn ABB-UAL:01:Log-out (user logged out)|-|Socket=8316|1210|01016|-|robot|	1016
<13>Jan  3 12:56:38 Virtual_RobotTeachIn ABB-UAL:01:Log-in successful|-|UAS_UID=589831|1110|01017|-|robot|Admin	1017
<13>Jan  3 16:20:32 Virtual_RobotTeachIn ABB-UAL:01:Log-in successful|-|UAS_UID=65537|1110|01018|-|robot|NativeUser	1018
<13>Jan  3 16:20:33 Virtual_RobotTeachIn ABB-UAL:01:Log-in successful|-|UAS_UID=131074|1110|01019|-|robot|NativeUser	1019
<13>Jan  3 16:20:34 Virtual_RobotTeachIn ABB-UAL:01:Log-in successful|-|UAS_UID=196611|1110|01020|-|robot|NativeUser	1020
<13>Jan  3 16:20:35 Virtual_RobotTeachIn ABB-UAL:01:Log-in successful|-|UAS_UID=262148|1110|01021|-|robot|NativeUser	1021
<13>Jan  3 16:20:35 Virtual_RobotTeachIn ABB-UAL:01:Log-in successful|-|UAS_UID=327685|1110|01022|-|robot|NativeUser	1022
<13>Jan  3 16:20:35 Virtual_RobotTeachIn ABB-UAL:01:Log-in successful|-|UAS_UID=393222|1110|01023|-|robot|NativeUser	1023
<13>Jan  3 16:20:42 Virtual_RobotTeachIn ABB-UAL:01:Log-in successful|-|UAS_UID=458759|1110|01024|-|robot|Admin	1024
<13>Jan  3 16:20:42 Virtual_RobotTeachIn ABB-UAL:01:Log-in successful|-|UAS_UID=524296|1110|01025|-|robot|Admin	1025
<13>Jan  3 16:22:11 Virtual_RobotTeachIn ABB-UAL:01:Log-out (user logged out)|-|UAS_UID=524296|1210|01026|-|robot|	1026
<13>Jan  3 16:22:11 Virtual_RobotTeachIn ABB-UAL:01:Log-out (user logged out)|-|UAS_UID=458759|1210|01027|-|robot|	1027
<13>Jan  3 16:22:12 Virtual_RobotTeachIn ABB-UAL:01:Log-out (user logged out)|-|Socket=8316|1210|01028|-|robot|	1028
-----BEGIN DIGEST-----
cK7oue7sfuOJTNZujQeHmOHVV3HBwaZdxKuQFnuQz5z0CilToeT5NKMBGiCcFNRQY7ySeg==
-----END DIGEST-----
