<9>Dec 16 15:02:32 Virtual_RobotTeachIn ABB-UAL:01:Security log file deleted by user|-|syslog.log not found|3420|00001|-|robot|syslog	1
<13>Dec 16 15:02:34 Virtual_RobotTeachIn ABB-UAL:01:Log-in successful|-|UAS_UID=65537|1110|00002|-|robot|NativeUser	2
<13>Dec 16 15:02:35 Virtual_RobotTeachIn ABB-UAL:01:Log-in successful|-|UAS_UID=131074|1110|00003|-|robot|NativeUser	3
<13>Dec 16 15:02:36 Virtual_RobotTeachIn ABB-UAL:01:Log-in successful|-|UAS_UID=196611|1110|00004|-|robot|NativeUser	4
<13>Dec 16 15:02:40 Virtual_RobotTeachIn ABB-UAL:01:Log-in successful|-|UAS_UID=262148|1110|00005|-|robot|NativeUser	5
<13>Dec 16 15:02:40 Virtual_RobotTeachIn ABB-UAL:01:Log-in successful|-|UAS_UID=327685|1110|00006|-|robot|NativeUser	6
<13>Dec 16 15:02:40 Virtual_RobotTeachIn ABB-UAL:01:Log-in successful|-|UAS_UID=393222|1110|00007|-|robot|NativeUser	7
<13>Dec 16 15:02:47 Virtual_RobotTeachIn ABB-UAL:01:Log-in successful|-|UAS_UID=458759|1110|00008|-|robot|Default User	8
<13>Dec 16 15:02:48 Virtual_RobotTeachIn ABB-UAL:01:Log-in successful|-|UAS_UID=524296|1110|00009|-|robot|Default User	9
<13>Dec 16 15:02:48 Virtual_RobotTeachIn ABB-UAL:01:Configuration upload|-|Start restore|1331|00010|-|robot|458759	10
<13>Dec 16 15:02:54 Virtual_RobotTeachIn ABB-UAL:01:Log-in successful|-|UAS_UID=65537|1110|00011|-|robot|NativeUser	11
<13>Dec 16 15:02:55 Virtual_RobotTeachIn ABB-UAL:01:Log-in successful|-|UAS_UID=131074|1110|00012|-|robot|NativeUser	12
<13>Dec 16 15:02:56 Virtual_RobotTeachIn ABB-UAL:01:Log-in successful|-|UAS_UID=196611|1110|00013|-|robot|NativeUser	13
<13>Dec 16 15:03:00 Virtual_RobotTeachIn ABB-UAL:01:Log-in successful|-|UAS_UID=262148|1110|00014|-|robot|NativeUser	14
<13>Dec 16 15:03:00 Virtual_RobotTeachIn ABB-UAL:01:Log-in successful|-|UAS_UID=327685|1110|00015|-|robot|NativeUser	15
<13>Dec 16 15:03:00 Virtual_RobotTeachIn ABB-UAL:01:Log-in successful|-|UAS_UID=393222|1110|00016|-|robot|NativeUser	16
<13>Dec 16 15:03:09 Virtual_RobotTeachIn ABB-UAL:01:Log-in successful|-|UAS_UID=458759|1110|00017|-|robot|Default User	17
<13>Dec 16 15:03:09 Virtual_RobotTeachIn ABB-UAL:01:Log-in successful|-|UAS_UID=524296|1110|00018|-|robot|Default User	18
<13>Dec 16 15:03:16 Virtual_RobotTeachIn ABB-UAL:01:Log-out (user logged out)|-|UAS_UID=524296|1210|00019|-|robot|	19
<13>Dec 16 15:03:16 Virtual_RobotTeachIn ABB-UAL:01:Log-out (user logged out)|-|UAS_UID=458759|1210|00020|-|robot|	20
<13>Dec 16 15:03:16 Virtual_RobotTeachIn ABB-UAL:01:Log-out (user logged out)|-|Socket=8344|1210|00021|-|robot|	21
<13>Dec 16 15:03:22 Virtual_RobotTeachIn ABB-UAL:01:Log-in successful|-|UAS_UID=65537|1110|00022|-|robot|NativeUser	22
<13>Dec 16 15:03:23 Virtual_RobotTeachIn ABB-UAL:01:Log-in successful|-|UAS_UID=131074|1110|00023|-|robot|NativeUser	23
<13>Dec 16 15:03:24 Virtual_RobotTeachIn ABB-UAL:01:Log-in successful|-|UAS_UID=196611|1110|00024|-|robot|NativeUser	24
<13>Dec 16 15:03:24 Virtual_RobotTeachIn ABB-UAL:01:Log-in successful|-|UAS_UID=262148|1110|00025|-|robot|NativeUser	25
<13>Dec 16 15:03:24 Virtual_RobotTeachIn ABB-UAL:01:Log-in successful|-|UAS_UID=327685|1110|00026|-|robot|NativeUser	26
<13>Dec 16 15:03:24 Virtual_RobotTeachIn ABB-UAL:01:Log-in successful|-|UAS_UID=393222|1110|00027|-|robot|NativeUser	27
<13>Dec 16 15:03:33 Virtual_RobotTeachIn ABB-UAL:01:Log-in successful|-|UAS_UID=458759|1110|00028|-|robot|Admin	28
<13>Dec 16 15:03:33 Virtual_RobotTeachIn ABB-UAL:01:Log-in successful|-|UAS_UID=524296|1110|00029|-|robot|Admin	29
<13>Dec 16 15:07:11 Virtual_RobotTeachIn ABB-UAL:01:Log-out (user logged out)|-|UAS_UID=524296|1210|00030|-|robot|	30
<13>Dec 16 15:07:11 Virtual_RobotTeachIn ABB-UAL:01:Log-out (user logged out)|-|UAS_UID=458759|1210|00031|-|robot|	31
<13>Dec 16 15:07:11 Virtual_RobotTeachIn ABB-UAL:01:Log-out (user logged out)|-|Socket=8388|1210|00032|-|robot|	32
<13>Dec 20 11:26:12 Virtual_RobotTeachIn ABB-UAL:01:Log-in successful|-|UAS_UID=65537|1110|00033|-|robot|NativeUser	33
<13>Dec 20 11:26:13 Virtual_RobotTeachIn ABB-UAL:01:Log-in successful|-|UAS_UID=131074|1110|00034|-|robot|NativeUser	34
<13>Dec 20 11:26:14 Virtual_RobotTeachIn ABB-UAL:01:Log-in successful|-|UAS_UID=196611|1110|00035|-|robot|NativeUser	35
<13>Dec 20 11:26:15 Virtual_RobotTeachIn ABB-UAL:01:Log-in successful|-|UAS_UID=262148|1110|00036|-|robot|NativeUser	36
<13>Dec 20 11:26:15 Virtual_RobotTeachIn ABB-UAL:01:Log-in successful|-|UAS_UID=327685|1110|00037|-|robot|NativeUser	37
<13>Dec 20 11:26:15 Virtual_RobotTeachIn ABB-UAL:01:Log-in successful|-|UAS_UID=393222|1110|00038|-|robot|NativeUser	38
<13>Dec 20 11:26:23 Virtual_RobotTeachIn ABB-UAL:01:Log-in successful|-|UAS_UID=458759|1110|00039|-|robot|Admin	39
<13>Dec 20 11:26:23 Virtual_RobotTeachIn ABB-UAL:01:Log-in successful|-|UAS_UID=524296|1110|00040|-|robot|Admin	40
<13>Dec 20 11:36:38 Virtual_RobotTeachIn ABB-UAL:01:Log-in successful|-|UAS_UID=589833|1110|00041|-|robot|Default User	41
<13>Dec 20 11:36:39 Virtual_RobotTeachIn ABB-UAL:01:Log-in successful|-|UAS_UID=655370|1110|00042|-|robot|Default User	42
<13>Dec 20 11:36:39 Virtual_RobotTeachIn ABB-UAL:01:Log-out (user logged out)|-|UAS_UID=589833|1210|00043|-|robot|	43
<13>Dec 20 11:36:39 Virtual_RobotTeachIn ABB-UAL:01:Log-out (user logged out)|-|UAS_UID=655370|1210|00044|-|robot|	44
<13>Dec 20 11:36:39 Virtual_RobotTeachIn ABB-UAL:01:Log-in successful|-|UAS_UID=720905|1110|00045|-|robot|admin	45
<13>Dec 20 11:36:39 Virtual_RobotTeachIn ABB-UAL:01:Log-in successful|-|UAS_UID=786442|1110|00046|-|robot|admin	46
<13>Dec 20 11:41:29 Virtual_RobotTeachIn ABB-UAL:01:Log-in successful|-|UAS_UID=851979|1110|00047|-|robot|Default User	47
<13>Dec 20 11:41:29 Virtual_RobotTeachIn ABB-UAL:01:Log-in successful|-|UAS_UID=917516|1110|00048|-|robot|Default User	48
<13>Dec 20 11:41:29 Virtual_RobotTeachIn ABB-UAL:01:Log-out (user logged out)|-|UAS_UID=851979|1210|00049|-|robot|	49
<13>Dec 20 11:41:29 Virtual_RobotTeachIn ABB-UAL:01:Log-out (user logged out)|-|UAS_UID=917516|1210|00050|-|robot|	50
<13>Dec 20 11:41:29 Virtual_RobotTeachIn ABB-UAL:01:Log-in successful|-|UAS_UID=983051|1110|00051|-|robot|admin	51
<13>Dec 20 11:41:29 Virtual_RobotTeachIn ABB-UAL:01:Log-in successful|-|UAS_UID=1048588|1110|00052|-|robot|admin	52
<13>Dec 20 11:42:23 Virtual_RobotTeachIn ABB-UAL:01:Log-out (user logged out)|-|UAS_UID=786442|1210|00053|-|robot|	53
<13>Dec 20 11:47:23 Virtual_RobotTeachIn ABB-UAL:01:Log-out (user logged out)|-|UAS_UID=1048588|1210|00054|-|robot|	54
<13>Dec 20 11:47:57 Virtual_RobotTeachIn ABB-UAL:01:Log-in successful|-|UAS_UID=1114122|1110|00055|-|robot|Default User	55
<13>Dec 20 11:47:57 Virtual_RobotTeachIn ABB-UAL:01:Log-in successful|-|UAS_UID=1179660|1110|00056|-|robot|Default User	56
<13>Dec 20 11:47:57 Virtual_RobotTeachIn ABB-UAL:01:Log-out (user logged out)|-|UAS_UID=1114122|1210|00057|-|robot|	57
<13>Dec 20 11:47:57 Virtual_RobotTeachIn ABB-UAL:01:Log-out (user logged out)|-|UAS_UID=1179660|1210|00058|-|robot|	58
<13>Dec 20 11:47:57 Virtual_RobotTeachIn ABB-UAL:01:Log-in successful|-|UAS_UID=1245194|1110|00059|-|robot|admin	59
<13>Dec 20 11:47:57 Virtual_RobotTeachIn ABB-UAL:01:Log-in successful|-|UAS_UID=1310732|1110|00060|-|robot|admin	60
<13>Dec 20 11:51:07 Virtual_RobotTeachIn ABB-UAL:01:Log-in successful|-|UAS_UID=1376269|1110|00061|-|robot|Default User	61
<13>Dec 20 11:51:07 Virtual_RobotTeachIn ABB-UAL:01:Log-in successful|-|UAS_UID=1441806|1110|00062|-|robot|Default User	62
<13>Dec 20 11:51:07 Virtual_RobotTeachIn ABB-UAL:01:Log-out (user logged out)|-|UAS_UID=1376269|1210|00063|-|robot|	63
<13>Dec 20 11:51:07 Virtual_RobotTeachIn ABB-UAL:01:Log-out (user logged out)|-|UAS_UID=1441806|1210|00064|-|robot|	64
<13>Dec 20 11:51:07 Virtual_RobotTeachIn ABB-UAL:01:Log-in successful|-|UAS_UID=1507341|1110|00065|-|robot|admin	65
<13>Dec 20 11:51:07 Virtual_RobotTeachIn ABB-UAL:01:Log-in successful|-|UAS_UID=1572878|1110|00066|-|robot|admin	66
<13>Dec 20 11:52:37 Virtual_RobotTeachIn ABB-UAL:01:Log-in successful|-|UAS_UID=1638415|1110|00067|-|robot|Default User	67
<13>Dec 20 11:52:37 Virtual_RobotTeachIn ABB-UAL:01:Log-in successful|-|UAS_UID=1703952|1110|00068|-|robot|Default User	68
<13>Dec 20 11:52:37 Virtual_RobotTeachIn ABB-UAL:01:Log-out (user logged out)|-|UAS_UID=1638415|1210|00069|-|robot|	69
<13>Dec 20 11:52:37 Virtual_RobotTeachIn ABB-UAL:01:Log-out (user logged out)|-|UAS_UID=1703952|1210|00070|-|robot|	70
<13>Dec 20 11:52:37 Virtual_RobotTeachIn ABB-UAL:01:Log-in successful|-|UAS_UID=1769487|1110|00071|-|robot|admin	71
<13>Dec 20 11:52:37 Virtual_RobotTeachIn ABB-UAL:01:Log-in successful|-|UAS_UID=1835024|1110|00072|-|robot|admin	72
<13>Dec 20 11:53:23 Virtual_RobotTeachIn ABB-UAL:01:Log-out (user logged out)|-|UAS_UID=1310732|1210|00073|-|robot|	73
<13>Dec 20 11:56:23 Virtual_RobotTeachIn ABB-UAL:01:Log-out (user logged out)|-|UAS_UID=1572878|1210|00074|-|robot|	74
<13>Dec 20 11:58:23 Virtual_RobotTeachIn ABB-UAL:01:Log-out (user logged out)|-|UAS_UID=1835024|1210|00075|-|robot|	75
<13>Dec 20 12:44:05 Virtual_RobotTeachIn ABB-UAL:01:Log-in successful|-|UAS_UID=1900556|1110|00076|-|robot|Default User	76
<13>Dec 20 12:44:06 Virtual_RobotTeachIn ABB-UAL:01:Log-in successful|-|UAS_UID=1966094|1110|00077|-|robot|Default User	77
<13>Dec 20 12:44:06 Virtual_RobotTeachIn ABB-UAL:01:Log-out (user logged out)|-|UAS_UID=1900556|1210|00078|-|robot|	78
<13>Dec 20 12:44:06 Virtual_RobotTeachIn ABB-UAL:01:Log-out (user logged out)|-|UAS_UID=1966094|1210|00079|-|robot|	79
<13>Dec 20 12:44:06 Virtual_RobotTeachIn ABB-UAL:01:Log-in successful|-|UAS_UID=2031628|1110|00080|-|robot|admin	80
<13>Dec 20 12:44:06 Virtual_RobotTeachIn ABB-UAL:01:Log-in successful|-|UAS_UID=2097166|1110|00081|-|robot|admin	81
<13>Dec 20 12:45:00 Virtual_RobotTeachIn ABB-UAL:01:Log-in successful|-|UAS_UID=2162704|1110|00082|-|robot|Default User	82
<13>Dec 20 12:45:00 Virtual_RobotTeachIn ABB-UAL:01:Log-in successful|-|UAS_UID=2228241|1110|00083|-|robot|Default User	83
<13>Dec 20 12:45:00 Virtual_RobotTeachIn ABB-UAL:01:Log-out (user logged out)|-|UAS_UID=2162704|1210|00084|-|robot|	84
<13>Dec 20 12:45:00 Virtual_RobotTeachIn ABB-UAL:01:Log-out (user logged out)|-|UAS_UID=2228241|1210|00085|-|robot|	85
<13>Dec 20 12:45:00 Virtual_RobotTeachIn ABB-UAL:01:Log-in successful|-|UAS_UID=2293776|1110|00086|-|robot|admin	86
<13>Dec 20 12:45:00 Virtual_RobotTeachIn ABB-UAL:01:Log-in successful|-|UAS_UID=2359313|1110|00087|-|robot|admin	87
<13>Dec 20 12:45:30 Virtual_RobotTeachIn ABB-UAL:01:Log-in successful|-|UAS_UID=2424850|1110|00088|-|robot|Default User	88
<13>Dec 20 12:45:30 Virtual_RobotTeachIn ABB-UAL:01:Log-in successful|-|UAS_UID=2490387|1110|00089|-|robot|Default User	89
<13>Dec 20 12:45:30 Virtual_RobotTeachIn ABB-UAL:01:Log-out (user logged out)|-|UAS_UID=2424850|1210|00090|-|robot|	90
<13>Dec 20 12:45:30 Virtual_RobotTeachIn ABB-UAL:01:Log-out (user logged out)|-|UAS_UID=2490387|1210|00091|-|robot|	91
<13>Dec 20 12:45:30 Virtual_RobotTeachIn ABB-UAL:01:Log-in successful|-|UAS_UID=2555922|1110|00092|-|robot|admin	92
<13>Dec 20 12:45:30 Virtual_RobotTeachIn ABB-UAL:01:Log-in successful|-|UAS_UID=2621459|1110|00093|-|robot|admin	93
<13>Dec 20 12:46:59 Virtual_RobotTeachIn ABB-UAL:01:Log-in successful|-|UAS_UID=2686996|1110|00094|-|robot|Default User	94
<13>Dec 20 12:46:59 Virtual_RobotTeachIn ABB-UAL:01:Log-in successful|-|UAS_UID=2752533|1110|00095|-|robot|Default User	95
<13>Dec 20 12:46:59 Virtual_RobotTeachIn ABB-UAL:01:Log-out (user logged out)|-|UAS_UID=2686996|1210|00096|-|robot|	96
<13>Dec 20 12:46:59 Virtual_RobotTeachIn ABB-UAL:01:Log-out (user logged out)|-|UAS_UID=2752533|1210|00097|-|robot|	97
<13>Dec 20 12:46:59 Virtual_RobotTeachIn ABB-UAL:01:Log-in successful|-|UAS_UID=2818068|1110|00098|-|robot|admin	98
<13>Dec 20 12:46:59 Virtual_RobotTeachIn ABB-UAL:01:Log-in successful|-|UAS_UID=2883605|1110|00099|-|robot|admin	99
<13>Dec 20 12:48:17 Virtual_RobotTeachIn ABB-UAL:01:Log-in successful|-|UAS_UID=2949142|1110|00100|-|robot|Default User	100
<13>Dec 20 12:48:17 Virtual_RobotTeachIn ABB-UAL:01:Log-in successful|-|UAS_UID=3014679|1110|00101|-|robot|Default User	101
<13>Dec 20 12:48:17 Virtual_RobotTeachIn ABB-UAL:01:Log-out (user logged out)|-|UAS_UID=2949142|1210|00102|-|robot|	102
<13>Dec 20 12:48:17 Virtual_RobotTeachIn ABB-UAL:01:Log-out (user logged out)|-|UAS_UID=3014679|1210|00103|-|robot|	103
<13>Dec 20 12:48:17 Virtual_RobotTeachIn ABB-UAL:01:Log-in successful|-|UAS_UID=3080214|1110|00104|-|robot|admin	104
<13>Dec 20 12:48:17 Virtual_RobotTeachIn ABB-UAL:01:Log-in successful|-|UAS_UID=3145751|1110|00105|-|robot|admin	105
<13>Dec 20 12:49:23 Virtual_RobotTeachIn ABB-UAL:01:Log-out (user logged out)|-|UAS_UID=2097166|1210|00106|-|robot|	106
<13>Dec 20 12:49:28 Virtual_RobotTeachIn ABB-UAL:01:Log-in successful|-|UAS_UID=3211278|1110|00107|-|robot|Default User	107
<13>Dec 20 12:49:28 Virtual_RobotTeachIn ABB-UAL:01:Log-in successful|-|UAS_UID=3276824|1110|00108|-|robot|Default User	108
<13>Dec 20 12:49:28 Virtual_RobotTeachIn ABB-UAL:01:Log-out (user logged out)|-|UAS_UID=3211278|1210|00109|-|robot|	109
<13>Dec 20 12:49:28 Virtual_RobotTeachIn ABB-UAL:01:Log-out (user logged out)|-|UAS_UID=3276824|1210|00110|-|robot|	110
<13>Dec 20 12:49:28 Virtual_RobotTeachIn ABB-UAL:01:Log-in successful|-|UAS_UID=3342350|1110|00111|-|robot|admin	111
<13>Dec 20 12:49:28 Virtual_RobotTeachIn ABB-UAL:01:Log-in successful|-|UAS_UID=3407896|1110|00112|-|robot|admin	112
<13>Dec 20 12:50:00 Virtual_RobotTeachIn ABB-UAL:01:Log-in successful|-|UAS_UID=3473433|1110|00113|-|robot|Default User	113
<13>Dec 20 12:50:00 Virtual_RobotTeachIn ABB-UAL:01:Log-in successful|-|UAS_UID=3538970|1110|00114|-|robot|Default User	114
<13>Dec 20 12:50:00 Virtual_RobotTeachIn ABB-UAL:01:Log-out (user logged out)|-|UAS_UID=3473433|1210|00115|-|robot|	115
<13>Dec 20 12:50:00 Virtual_RobotTeachIn ABB-UAL:01:Log-out (user logged out)|-|UAS_UID=3538970|1210|00116|-|robot|	116
<13>Dec 20 12:50:00 Virtual_RobotTeachIn ABB-UAL:01:Log-in successful|-|UAS_UID=3604505|1110|00117|-|robot|admin	117
<13>Dec 20 12:50:00 Virtual_RobotTeachIn ABB-UAL:01:Log-in successful|-|UAS_UID=3670042|1110|00118|-|robot|admin	118
<13>Dec 20 12:50:23 Virtual_RobotTeachIn ABB-UAL:01:Log-out (user logged out)|-|UAS_UID=2359313|1210|00119|-|robot|	119
<13>Dec 20 12:51:23 Virtual_RobotTeachIn ABB-UAL:01:Log-out (user logged out)|-|UAS_UID=2621459|1210|00120|-|robot|	120
<13>Dec 20 12:52:23 Virtual_RobotTeachIn ABB-UAL:01:Log-out (user logged out)|-|UAS_UID=2883605|1210|00121|-|robot|	121
<13>Dec 20 12:53:23 Virtual_RobotTeachIn ABB-UAL:01:Log-out (user logged out)|-|UAS_UID=3145751|1210|00122|-|robot|	122
<13>Dec 20 12:54:17 Virtual_RobotTeachIn ABB-UAL:01:Log-in successful|-|UAS_UID=3735569|1110|00123|-|robot|Default User	123
<13>Dec 20 12:54:17 Virtual_RobotTeachIn ABB-UAL:01:Log-in successful|-|UAS_UID=3801107|1110|00124|-|robot|Default User	124
<13>Dec 20 12:54:18 Virtual_RobotTeachIn ABB-UAL:01:Log-out (user logged out)|-|UAS_UID=3735569|1210|00125|-|robot|	125
<13>Dec 20 12:54:18 Virtual_RobotTeachIn ABB-UAL:01:Log-out (user logged out)|-|UAS_UID=3801107|1210|00126|-|robot|	126
<13>Dec 20 12:54:18 Virtual_RobotTeachIn ABB-UAL:01:Log-in successful|-|UAS_UID=3866641|1110|00127|-|robot|admin	127
<13>Dec 20 12:54:18 Virtual_RobotTeachIn ABB-UAL:01:Log-in successful|-|UAS_UID=3932179|1110|00128|-|robot|admin	128
<13>Dec 20 12:55:23 Virtual_RobotTeachIn ABB-UAL:01:Log-out (user logged out)|-|UAS_UID=3670042|1210|00129|-|robot|	129
<13>Dec 20 12:55:23 Virtual_RobotTeachIn ABB-UAL:01:Log-out (user logged out)|-|UAS_UID=3407896|1210|00130|-|robot|	130
<13>Dec 20 12:59:23 Virtual_RobotTeachIn ABB-UAL:01:Log-out (user logged out)|-|UAS_UID=3932179|1210|00131|-|robot|	131
<13>Dec 20 13:02:05 Virtual_RobotTeachIn ABB-UAL:01:Log-in successful|-|UAS_UID=3997715|1110|00132|-|robot|Default User	132
<13>Dec 20 13:02:06 Virtual_RobotTeachIn ABB-UAL:01:Log-in successful|-|UAS_UID=4063253|1110|00133|-|robot|Default User	133
<13>Dec 20 13:02:06 Virtual_RobotTeachIn ABB-UAL:01:Log-out (user logged out)|-|UAS_UID=3997715|1210|00134|-|robot|	134
<13>Dec 20 13:02:06 Virtual_RobotTeachIn ABB-UAL:01:Log-out (user logged out)|-|UAS_UID=4063253|1210|00135|-|robot|	135
<13>Dec 20 13:02:06 Virtual_RobotTeachIn ABB-UAL:01:Log-in successful|-|UAS_UID=4128787|1110|00136|-|robot|admin	136
<13>Dec 20 13:02:06 Virtual_RobotTeachIn ABB-UAL:01:Log-in successful|-|UAS_UID=4194325|1110|00137|-|robot|admin	137
<13>Dec 20 13:05:07 Virtual_RobotTeachIn ABB-UAL:01:Log-in successful|-|UAS_UID=4259863|1110|00138|-|robot|Default User	138
<13>Dec 20 13:05:07 Virtual_RobotTeachIn ABB-UAL:01:Log-in successful|-|UAS_UID=4325400|1110|00139|-|robot|Default User	139
<13>Dec 20 13:05:08 Virtual_RobotTeachIn ABB-UAL:01:Log-out (user logged out)|-|UAS_UID=4259863|1210|00140|-|robot|	140
<13>Dec 20 13:05:08 Virtual_RobotTeachIn ABB-UAL:01:Log-out (user logged out)|-|UAS_UID=4325400|1210|00141|-|robot|	141
<13>Dec 20 13:05:08 Virtual_RobotTeachIn ABB-UAL:01:Log-in successful|-|UAS_UID=4390935|1110|00142|-|robot|admin	142
<13>Dec 20 13:05:08 Virtual_RobotTeachIn ABB-UAL:01:Log-in successful|-|UAS_UID=4456472|1110|00143|-|robot|admin	143
<13>Dec 20 13:06:50 Virtual_RobotTeachIn ABB-UAL:01:Log-in successful|-|UAS_UID=4522010|1110|00144|-|robot|Default User	144
<13>Dec 20 13:06:50 Virtual_RobotTeachIn ABB-UAL:01:Log-in successful|-|UAS_UID=4587547|1110|00145|-|robot|Default User	145
<13>Dec 20 13:06:55 Virtual_RobotTeachIn ABB-UAL:01:Log-out (user logged out)|-|UAS_UID=4522010|1210|00146|-|robot|	146
<13>Dec 20 13:06:55 Virtual_RobotTeachIn ABB-UAL:01:Log-out (user logged out)|-|UAS_UID=4587547|1210|00147|-|robot|	147
<13>Dec 20 13:06:55 Virtual_RobotTeachIn ABB-UAL:01:Log-in successful|-|UAS_UID=4653082|1110|00148|-|robot|admin	148
<13>Dec 20 13:06:55 Virtual_RobotTeachIn ABB-UAL:01:Log-in successful|-|UAS_UID=4718619|1110|00149|-|robot|admin	149
<13>Dec 20 13:07:23 Virtual_RobotTeachIn ABB-UAL:01:Log-out (user logged out)|-|UAS_UID=4194325|1210|00150|-|robot|	150
<13>Dec 20 13:09:12 Virtual_RobotTeachIn ABB-UAL:01:Log-in successful|-|UAS_UID=4784149|1110|00151|-|robot|Default User	151
<13>Dec 20 13:09:12 Virtual_RobotTeachIn ABB-UAL:01:Log-in successful|-|UAS_UID=4849692|1110|00152|-|robot|Default User	152
<13>Dec 20 13:09:12 Virtual_RobotTeachIn ABB-UAL:01:Log-out (user logged out)|-|UAS_UID=4784149|1210|00153|-|robot|	153
<13>Dec 20 13:09:12 Virtual_RobotTeachIn ABB-UAL:01:Log-out (user logged out)|-|UAS_UID=4849692|1210|00154|-|robot|	154
<13>Dec 20 13:09:12 Virtual_RobotTeachIn ABB-UAL:01:Log-in successful|-|UAS_UID=4915221|1110|00155|-|robot|admin	155
<13>Dec 20 13:09:12 Virtual_RobotTeachIn ABB-UAL:01:Log-in successful|-|UAS_UID=4980764|1110|00156|-|robot|admin	156
<13>Dec 20 13:16:40 Virtual_RobotTeachIn ABB-UAL:01:Log-in successful|-|UAS_UID=65537|1110|00157|-|robot|NativeUser	157
<13>Dec 20 13:16:40 Virtual_RobotTeachIn ABB-UAL:01:Log-in successful|-|UAS_UID=131074|1110|00158|-|robot|NativeUser	158
<13>Dec 20 13:16:42 Virtual_RobotTeachIn ABB-UAL:01:Log-in successful|-|UAS_UID=196611|1110|00159|-|robot|NativeUser	159
<13>Dec 20 13:16:42 Virtual_RobotTeachIn ABB-UAL:01:Log-in successful|-|UAS_UID=262148|1110|00160|-|robot|NativeUser	160
<13>Dec 20 13:16:42 Virtual_RobotTeachIn ABB-UAL:01:Log-in successful|-|UAS_UID=327685|1110|00161|-|robot|NativeUser	161
<13>Dec 20 13:16:42 Virtual_RobotTeachIn ABB-UAL:01:Log-in successful|-|UAS_UID=393222|1110|00162|-|robot|NativeUser	162
<13>Dec 20 13:16:51 Virtual_RobotTeachIn ABB-UAL:01:Log-in successful|-|UAS_UID=458759|1110|00163|-|robot|Admin	163
<13>Dec 20 13:16:51 Virtual_RobotTeachIn ABB-UAL:01:Log-in successful|-|UAS_UID=524296|1110|00164|-|robot|Admin	164
<13>Dec 20 13:24:18 Virtual_RobotTeachIn ABB-UAL:01:Log-in successful|-|UAS_UID=589833|1110|00165|-|robot|Default User	165
<13>Dec 20 13:24:18 Virtual_RobotTeachIn ABB-UAL:01:Log-in successful|-|UAS_UID=655370|1110|00166|-|robot|Default User	166
<13>Dec 20 13:24:18 Virtual_RobotTeachIn ABB-UAL:01:Log-out (user logged out)|-|UAS_UID=589833|1210|00167|-|robot|	167
<13>Dec 20 13:24:18 Virtual_RobotTeachIn ABB-UAL:01:Log-out (user logged out)|-|UAS_UID=655370|1210|00168|-|robot|	168
<13>Dec 20 13:24:18 Virtual_RobotTeachIn ABB-UAL:01:Log-in successful|-|UAS_UID=720905|1110|00169|-|robot|admin	169
<13>Dec 20 13:24:18 Virtual_RobotTeachIn ABB-UAL:01:Log-in successful|-|UAS_UID=786442|1110|00170|-|robot|admin	170
<13>Dec 20 13:29:51 Virtual_RobotTeachIn ABB-UAL:01:Log-out (user logged out)|-|UAS_UID=786442|1210|00171|-|robot|	171
<13>Dec 20 14:12:22 Virtual_RobotTeachIn ABB-UAL:01:Log-in successful|-|UAS_UID=851978|1110|00172|-|robot|Default User	172
<13>Dec 20 14:12:22 Virtual_RobotTeachIn ABB-UAL:01:Log-in successful|-|UAS_UID=917515|1110|00173|-|robot|Default User	173
<13>Dec 20 14:12:22 Virtual_RobotTeachIn ABB-UAL:01:Log-out (user logged out)|-|UAS_UID=851978|1210|00174|-|robot|	174
<13>Dec 20 14:12:22 Virtual_RobotTeachIn ABB-UAL:01:Log-out (user logged out)|-|UAS_UID=917515|1210|00175|-|robot|	175
<13>Dec 20 14:12:22 Virtual_RobotTeachIn ABB-UAL:01:Log-in successful|-|UAS_UID=983050|1110|00176|-|robot|admin	176
<13>Dec 20 14:12:22 Virtual_RobotTeachIn ABB-UAL:01:Log-in successful|-|UAS_UID=1048587|1110|00177|-|robot|admin	177
<13>Dec 20 14:17:50 Virtual_RobotTeachIn ABB-UAL:01:Log-in successful|-|UAS_UID=1114124|1110|00178|-|robot|Default User	178
<13>Dec 20 14:17:51 Virtual_RobotTeachIn ABB-UAL:01:Log-in successful|-|UAS_UID=1179661|1110|00179|-|robot|Default User	179
<13>Dec 20 14:17:51 Virtual_RobotTeachIn ABB-UAL:01:Log-out (user logged out)|-|UAS_UID=1114124|1210|00180|-|robot|	180
<13>Dec 20 14:17:51 Virtual_RobotTeachIn ABB-UAL:01:Log-out (user logged out)|-|UAS_UID=1179661|1210|00181|-|robot|	181
<13>Dec 20 14:17:51 Virtual_RobotTeachIn ABB-UAL:01:Log-in successful|-|UAS_UID=1245196|1110|00182|-|robot|admin	182
<13>Dec 20 14:17:51 Virtual_RobotTeachIn ABB-UAL:01:Log-in successful|-|UAS_UID=1310733|1110|00183|-|robot|admin	183
<13>Dec 20 14:17:51 Virtual_RobotTeachIn ABB-UAL:01:Log-out (user logged out)|-|UAS_UID=1048587|1210|00184|-|robot|	184
<13>Dec 20 14:21:15 Virtual_RobotTeachIn ABB-UAL:01:Log-in successful|-|UAS_UID=1376267|1110|00185|-|robot|Default User	185
<13>Dec 20 14:21:15 Virtual_RobotTeachIn ABB-UAL:01:Log-in successful|-|UAS_UID=1441806|1110|00186|-|robot|Default User	186
<13>Dec 20 14:21:15 Virtual_RobotTeachIn ABB-UAL:01:Log-out (user logged out)|-|UAS_UID=1376267|1210|00187|-|robot|	187
<13>Dec 20 14:21:15 Virtual_RobotTeachIn ABB-UAL:01:Log-out (user logged out)|-|UAS_UID=1441806|1210|00188|-|robot|	188
<13>Dec 20 14:21:15 Virtual_RobotTeachIn ABB-UAL:01:Log-in successful|-|UAS_UID=1507339|1110|00189|-|robot|admin	189
<13>Dec 20 14:21:15 Virtual_RobotTeachIn ABB-UAL:01:Log-in successful|-|UAS_UID=1572878|1110|00190|-|robot|admin	190
<13>Dec 20 14:21:28 Virtual_RobotTeachIn ABB-UAL:01:Log-in successful|-|UAS_UID=1638415|1110|00191|-|robot|Default User	191
<13>Dec 20 14:21:28 Virtual_RobotTeachIn ABB-UAL:01:Log-in successful|-|UAS_UID=1703952|1110|00192|-|robot|Default User	192
<13>Dec 20 14:21:28 Virtual_RobotTeachIn ABB-UAL:01:Log-out (user logged out)|-|UAS_UID=1638415|1210|00193|-|robot|	193
<13>Dec 20 14:21:28 Virtual_RobotTeachIn ABB-UAL:01:Log-out (user logged out)|-|UAS_UID=1703952|1210|00194|-|robot|	194
<13>Dec 20 14:21:28 Virtual_RobotTeachIn ABB-UAL:01:Log-in successful|-|UAS_UID=1769487|1110|00195|-|robot|admin	195
<13>Dec 20 14:21:29 Virtual_RobotTeachIn ABB-UAL:01:Log-in successful|-|UAS_UID=1835024|1110|00196|-|robot|admin	196
<13>Dec 20 14:22:18 Virtual_RobotTeachIn ABB-UAL:01:Log-in successful|-|UAS_UID=1900561|1110|00197|-|robot|Default User	197
<13>Dec 20 14:22:18 Virtual_RobotTeachIn ABB-UAL:01:Log-in successful|-|UAS_UID=1966098|1110|00198|-|robot|Default User	198
<13>Dec 20 14:22:18 Virtual_RobotTeachIn ABB-UAL:01:Log-out (user logged out)|-|UAS_UID=1900561|1210|00199|-|robot|	199
<13>Dec 20 14:22:18 Virtual_RobotTeachIn ABB-UAL:01:Log-out (user logged out)|-|UAS_UID=1966098|1210|00200|-|robot|	200
<13>Dec 20 14:22:18 Virtual_RobotTeachIn ABB-UAL:01:Log-in successful|-|UAS_UID=2031633|1110|00201|-|robot|admin	201
<13>Dec 20 14:22:18 Virtual_RobotTeachIn ABB-UAL:01:Log-in successful|-|UAS_UID=2097170|1110|00202|-|robot|admin	202
<13>Dec 20 14:22:51 Virtual_RobotTeachIn ABB-UAL:01:Log-out (user logged out)|-|UAS_UID=1310733|1210|00203|-|robot|	203
<13>Dec 20 14:23:34 Virtual_RobotTeachIn ABB-UAL:01:Log-in successful|-|UAS_UID=2162701|1110|00204|-|robot|Default User	204
<13>Dec 20 14:23:34 Virtual_RobotTeachIn ABB-UAL:01:Log-in successful|-|UAS_UID=2228243|1110|00205|-|robot|Default User	205
<13>Dec 20 14:23:34 Virtual_RobotTeachIn ABB-UAL:01:Log-out (user logged out)|-|UAS_UID=2162701|1210|00206|-|robot|	206
<13>Dec 20 14:23:34 Virtual_RobotTeachIn ABB-UAL:01:Log-out (user logged out)|-|UAS_UID=2228243|1210|00207|-|robot|	207
<13>Dec 20 14:23:34 Virtual_RobotTeachIn ABB-UAL:01:Log-in successful|-|UAS_UID=2293773|1110|00208|-|robot|admin	208
<13>Dec 20 14:23:34 Virtual_RobotTeachIn ABB-UAL:01:Log-in successful|-|UAS_UID=2359315|1110|00209|-|robot|admin	209
<13>Dec 20 14:23:50 Virtual_RobotTeachIn ABB-UAL:01:Log-in successful|-|UAS_UID=2424852|1110|00210|-|robot|Default User	210
<13>Dec 20 14:23:51 Virtual_RobotTeachIn ABB-UAL:01:Log-in successful|-|UAS_UID=2490389|1110|00211|-|robot|Default User	211
<13>Dec 20 14:23:51 Virtual_RobotTeachIn ABB-UAL:01:Log-out (user logged out)|-|UAS_UID=2424852|1210|00212|-|robot|	212
<13>Dec 20 14:23:51 Virtual_RobotTeachIn ABB-UAL:01:Log-out (user logged out)|-|UAS_UID=2490389|1210|00213|-|robot|	213
<13>Dec 20 14:23:51 Virtual_RobotTeachIn ABB-UAL:01:Log-in successful|-|UAS_UID=2555924|1110|00214|-|robot|admin	214
<13>Dec 20 14:23:51 Virtual_RobotTeachIn ABB-UAL:01:Log-in successful|-|UAS_UID=2621461|1110|00215|-|robot|admin	215
<13>Dec 20 14:25:20 Virtual_RobotTeachIn ABB-UAL:01:Log-in successful|-|UAS_UID=2686998|1110|00216|-|robot|Default User	216
<13>Dec 20 14:25:20 Virtual_RobotTeachIn ABB-UAL:01:Log-in successful|-|UAS_UID=2752535|1110|00217|-|robot|Default User	217
<13>Dec 20 14:25:20 Virtual_RobotTeachIn ABB-UAL:01:Log-out (user logged out)|-|UAS_UID=2686998|1210|00218|-|robot|	218
<13>Dec 20 14:25:20 Virtual_RobotTeachIn ABB-UAL:01:Log-out (user logged out)|-|UAS_UID=2752535|1210|00219|-|robot|	219
<13>Dec 20 14:25:20 Virtual_RobotTeachIn ABB-UAL:01:Log-in successful|-|UAS_UID=2818070|1110|00220|-|robot|admin	220
<13>Dec 20 14:25:20 Virtual_RobotTeachIn ABB-UAL:01:Log-in successful|-|UAS_UID=2883607|1110|00221|-|robot|admin	221
<13>Dec 20 14:25:56 Virtual_RobotTeachIn ABB-UAL:01:Log-in successful|-|UAS_UID=2949144|1110|00222|-|robot|Default User	222
<13>Dec 20 14:25:56 Virtual_RobotTeachIn ABB-UAL:01:Log-in successful|-|UAS_UID=3014681|1110|00223|-|robot|Default User	223
<13>Dec 20 14:25:56 Virtual_RobotTeachIn ABB-UAL:01:Log-out (user logged out)|-|UAS_UID=2949144|1210|00224|-|robot|	224
<13>Dec 20 14:25:56 Virtual_RobotTeachIn ABB-UAL:01:Log-out (user logged out)|-|UAS_UID=3014681|1210|00225|-|robot|	225
<13>Dec 20 14:25:56 Virtual_RobotTeachIn ABB-UAL:01:Log-in successful|-|UAS_UID=3080216|1110|00226|-|robot|admin	226
<13>Dec 20 14:25:56 Virtual_RobotTeachIn ABB-UAL:01:Log-in successful|-|UAS_UID=3145753|1110|00227|-|robot|admin	227
<13>Dec 20 14:26:46 Virtual_RobotTeachIn ABB-UAL:01:Log-in successful|-|UAS_UID=3211290|1110|00228|-|robot|Default User	228
<13>Dec 20 14:26:47 Virtual_RobotTeachIn ABB-UAL:01:Log-in successful|-|UAS_UID=3276827|1110|00229|-|robot|Default User	229
<13>Dec 20 14:26:47 Virtual_RobotTeachIn ABB-UAL:01:Log-out (user logged out)|-|UAS_UID=3211290|1210|00230|-|robot|	230
<13>Dec 20 14:26:47 Virtual_RobotTeachIn ABB-UAL:01:Log-out (user logged out)|-|UAS_UID=3276827|1210|00231|-|robot|	231
<13>Dec 20 14:26:47 Virtual_RobotTeachIn ABB-UAL:01:Log-in successful|-|UAS_UID=3342362|1110|00232|-|robot|admin	232
<13>Dec 20 14:26:47 Virtual_RobotTeachIn ABB-UAL:01:Log-in successful|-|UAS_UID=3407899|1110|00233|-|robot|admin	233
<13>Dec 20 14:26:51 Virtual_RobotTeachIn ABB-UAL:01:Log-out (user logged out)|-|UAS_UID=1572878|1210|00234|-|robot|	234
<13>Dec 20 14:26:51 Virtual_RobotTeachIn ABB-UAL:01:Log-out (user logged out)|-|UAS_UID=1835024|1210|00235|-|robot|	235
<13>Dec 20 14:27:51 Virtual_RobotTeachIn ABB-UAL:01:Log-out (user logged out)|-|UAS_UID=2097170|1210|00236|-|robot|	236
<13>Dec 20 14:28:51 Virtual_RobotTeachIn ABB-UAL:01:Log-out (user logged out)|-|UAS_UID=2621461|1210|00237|-|robot|	237
<13>Dec 20 14:28:51 Virtual_RobotTeachIn ABB-UAL:01:Log-out (user logged out)|-|UAS_UID=2359315|1210|00238|-|robot|	238
<13>Dec 20 14:30:51 Virtual_RobotTeachIn ABB-UAL:01:Log-out (user logged out)|-|UAS_UID=2883607|1210|00239|-|robot|	239
<13>Dec 20 14:31:51 Virtual_RobotTeachIn ABB-UAL:01:Log-out (user logged out)|-|UAS_UID=3407899|1210|00240|-|robot|	240
<13>Dec 20 14:31:51 Virtual_RobotTeachIn ABB-UAL:01:Log-out (user logged out)|-|UAS_UID=3145753|1210|00241|-|robot|	241
<13>Dec 20 14:52:03 Virtual_RobotTeachIn ABB-UAL:01:Log-in successful|-|UAS_UID=3473422|1110|00242|-|robot|Default User	242
<13>Dec 20 14:52:03 Virtual_RobotTeachIn ABB-UAL:01:Log-in successful|-|UAS_UID=3538960|1110|00243|-|robot|Default User	243
<13>Dec 20 14:52:04 Virtual_RobotTeachIn ABB-UAL:01:Log-out (user logged out)|-|UAS_UID=3473422|1210|00244|-|robot|	244
<13>Dec 20 14:52:04 Virtual_RobotTeachIn ABB-UAL:01:Log-out (user logged out)|-|UAS_UID=3538960|1210|00245|-|robot|	245
<13>Dec 20 14:52:04 Virtual_RobotTeachIn ABB-UAL:01:Log-in successful|-|UAS_UID=3604494|1110|00246|-|robot|admin	246
<13>Dec 20 14:52:04 Virtual_RobotTeachIn ABB-UAL:01:Log-in successful|-|UAS_UID=3670032|1110|00247|-|robot|admin	247
<13>Dec 20 14:52:22 Virtual_RobotTeachIn ABB-UAL:01:Log-in successful|-|UAS_UID=3735570|1110|00248|-|robot|Default User	248
<13>Dec 20 14:52:22 Virtual_RobotTeachIn ABB-UAL:01:Log-in successful|-|UAS_UID=3801107|1110|00249|-|robot|Default User	249
<13>Dec 20 14:52:22 Virtual_RobotTeachIn ABB-UAL:01:Log-out (user logged out)|-|UAS_UID=3735570|1210|00250|-|robot|	250
<13>Dec 20 14:52:22 Virtual_RobotTeachIn ABB-UAL:01:Log-out (user logged out)|-|UAS_UID=3801107|1210|00251|-|robot|	251
<13>Dec 20 14:52:22 Virtual_RobotTeachIn ABB-UAL:01:Log-in successful|-|UAS_UID=3866642|1110|00252|-|robot|admin	252
<13>Dec 20 14:52:22 Virtual_RobotTeachIn ABB-UAL:01:Log-in successful|-|UAS_UID=3932179|1110|00253|-|robot|admin	253
<13>Dec 20 14:53:17 Virtual_RobotTeachIn ABB-UAL:01:Log-in successful|-|UAS_UID=3997717|1110|00254|-|robot|Default User	254
<13>Dec 20 14:53:17 Virtual_RobotTeachIn ABB-UAL:01:Log-in successful|-|UAS_UID=4063255|1110|00255|-|robot|Default User	255
<13>Dec 20 14:53:17 Virtual_RobotTeachIn ABB-UAL:01:Log-out (user logged out)|-|UAS_UID=3997717|1210|00256|-|robot|	256
<13>Dec 20 14:53:17 Virtual_RobotTeachIn ABB-UAL:01:Log-out (user logged out)|-|UAS_UID=4063255|1210|00257|-|robot|	257
<13>Dec 20 14:53:17 Virtual_RobotTeachIn ABB-UAL:01:Log-in successful|-|UAS_UID=4128789|1110|00258|-|robot|admin	258
<13>Dec 20 14:53:17 Virtual_RobotTeachIn ABB-UAL:01:Log-in successful|-|UAS_UID=4194327|1110|00259|-|robot|admin	259
<13>Dec 20 14:53:27 Virtual_RobotTeachIn ABB-UAL:01:Log-in successful|-|UAS_UID=4259865|1110|00260|-|robot|Default User	260
<13>Dec 20 14:53:27 Virtual_RobotTeachIn ABB-UAL:01:Log-in successful|-|UAS_UID=4325403|1110|00261|-|robot|Default User	261
<13>Dec 20 14:53:27 Virtual_RobotTeachIn ABB-UAL:01:Log-out (user logged out)|-|UAS_UID=4259865|1210|00262|-|robot|	262
<13>Dec 20 14:53:27 Virtual_RobotTeachIn ABB-UAL:01:Log-out (user logged out)|-|UAS_UID=4325403|1210|00263|-|robot|	263
<13>Dec 20 14:53:27 Virtual_RobotTeachIn ABB-UAL:01:Log-in successful|-|UAS_UID=4390937|1110|00264|-|robot|admin	264
<13>Dec 20 14:53:27 Virtual_RobotTeachIn ABB-UAL:01:Log-in successful|-|UAS_UID=4456475|1110|00265|-|robot|admin	265
<13>Dec 20 14:53:49 Virtual_RobotTeachIn ABB-UAL:01:Log-in successful|-|UAS_UID=4522012|1110|00266|-|robot|Default User	266
<13>Dec 20 14:53:49 Virtual_RobotTeachIn ABB-UAL:01:Log-in successful|-|UAS_UID=4587549|1110|00267|-|robot|Default User	267
<13>Dec 20 14:53:49 Virtual_RobotTeachIn ABB-UAL:01:Log-out (user logged out)|-|UAS_UID=4522012|1210|00268|-|robot|	268
<13>Dec 20 14:53:49 Virtual_RobotTeachIn ABB-UAL:01:Log-out (user logged out)|-|UAS_UID=4587549|1210|00269|-|robot|	269
<13>Dec 20 14:53:49 Virtual_RobotTeachIn ABB-UAL:01:Log-in successful|-|UAS_UID=4653084|1110|00270|-|robot|admin	270
<13>Dec 20 14:53:49 Virtual_RobotTeachIn ABB-UAL:01:Log-in successful|-|UAS_UID=4718621|1110|00271|-|robot|admin	271
<13>Dec 20 14:54:14 Virtual_RobotTeachIn ABB-UAL:01:Log-in successful|-|UAS_UID=4784158|1110|00272|-|robot|Default User	272
<13>Dec 20 14:54:14 Virtual_RobotTeachIn ABB-UAL:01:Log-in successful|-|UAS_UID=4849695|1110|00273|-|robot|Default User	273
<13>Dec 20 14:54:14 Virtual_RobotTeachIn ABB-UAL:01:Log-out (user logged out)|-|UAS_UID=4784158|1210|00274|-|robot|	274
<13>Dec 20 14:54:14 Virtual_RobotTeachIn ABB-UAL:01:Log-out (user logged out)|-|UAS_UID=4849695|1210|00275|-|robot|	275
<13>Dec 20 14:54:14 Virtual_RobotTeachIn ABB-UAL:01:Log-in successful|-|UAS_UID=4915230|1110|00276|-|robot|admin	276
<13>Dec 20 14:54:14 Virtual_RobotTeachIn ABB-UAL:01:Log-in successful|-|UAS_UID=4980767|1110|00277|-|robot|admin	277
<13>Dec 20 14:56:41 Virtual_RobotTeachIn ABB-UAL:01:Log-in successful|-|UAS_UID=5046304|1110|00278|-|robot|Default User	278
<13>Dec 20 14:56:41 Virtual_RobotTeachIn ABB-UAL:01:Log-in successful|-|UAS_UID=5111841|1110|00279|-|robot|Default User	279
<13>Dec 20 14:56:41 Virtual_RobotTeachIn ABB-UAL:01:Log-out (user logged out)|-|UAS_UID=5046304|1210|00280|-|robot|	280
<13>Dec 20 14:56:41 Virtual_RobotTeachIn ABB-UAL:01:Log-out (user logged out)|-|UAS_UID=5111841|1210|00281|-|robot|	281
<13>Dec 20 14:56:41 Virtual_RobotTeachIn ABB-UAL:01:Log-in successful|-|UAS_UID=5177376|1110|00282|-|robot|admin	282
<13>Dec 20 14:56:41 Virtual_RobotTeachIn ABB-UAL:01:Log-in successful|-|UAS_UID=5242913|1110|00283|-|robot|admin	283
<13>Dec 20 14:57:51 Virtual_RobotTeachIn ABB-UAL:01:Log-out (user logged out)|-|UAS_UID=3932179|1210|00284|-|robot|	284
<13>Dec 20 14:57:51 Virtual_RobotTeachIn ABB-UAL:01:Log-out (user logged out)|-|UAS_UID=3670032|1210|00285|-|robot|	285
<13>Dec 20 14:58:51 Virtual_RobotTeachIn ABB-UAL:01:Log-out (user logged out)|-|UAS_UID=4194327|1210|00286|-|robot|	286
<13>Dec 20 14:58:51 Virtual_RobotTeachIn ABB-UAL:01:Log-out (user logged out)|-|UAS_UID=4456475|1210|00287|-|robot|	287
<13>Dec 20 14:58:51 Virtual_RobotTeachIn ABB-UAL:01:Log-out (user logged out)|-|UAS_UID=4718621|1210|00288|-|robot|	288
<13>Dec 20 14:59:08 Virtual_RobotTeachIn ABB-UAL:01:Log-in successful|-|UAS_UID=5308432|1110|00289|-|robot|Default User	289
<13>Dec 20 14:59:08 Virtual_RobotTeachIn ABB-UAL:01:Log-in successful|-|UAS_UID=5373971|1110|00290|-|robot|Default User	290
<13>Dec 20 14:59:08 Virtual_RobotTeachIn ABB-UAL:01:Log-out (user logged out)|-|UAS_UID=5308432|1210|00291|-|robot|	291
<13>Dec 20 14:59:08 Virtual_RobotTeachIn ABB-UAL:01:Log-out (user logged out)|-|UAS_UID=5373971|1210|00292|-|robot|	292
<13>Dec 20 14:59:08 Virtual_RobotTeachIn ABB-UAL:01:Log-in successful|-|UAS_UID=5439504|1110|00293|-|robot|admin	293
<13>Dec 20 14:59:08 Virtual_RobotTeachIn ABB-UAL:01:Log-in successful|-|UAS_UID=5505043|1110|00294|-|robot|admin	294
<13>Dec 20 14:59:51 Virtual_RobotTeachIn ABB-UAL:01:Log-out (user logged out)|-|UAS_UID=4980767|1210|00295|-|robot|	295
<13>Dec 20 15:01:51 Virtual_RobotTeachIn ABB-UAL:01:Log-out (user logged out)|-|UAS_UID=5242913|1210|00296|-|robot|	296
<13>Dec 20 15:04:51 Virtual_RobotTeachIn ABB-UAL:01:Log-out (user logged out)|-|UAS_UID=5505043|1210|00297|-|robot|	297
<13>Dec 20 15:09:36 Virtual_RobotTeachIn ABB-UAL:01:Log-in successful|-|UAS_UID=5570579|1110|00298|-|robot|Default User	298
<13>Dec 20 15:09:37 Virtual_RobotTeachIn ABB-UAL:01:Log-in successful|-|UAS_UID=5636119|1110|00299|-|robot|Default User	299
<13>Dec 20 15:09:37 Virtual_RobotTeachIn ABB-UAL:01:Log-out (user logged out)|-|UAS_UID=5570579|1210|00300|-|robot|	300
<13>Dec 20 15:09:37 Virtual_RobotTeachIn ABB-UAL:01:Log-out (user logged out)|-|UAS_UID=5636119|1210|00301|-|robot|	301
<13>Dec 20 15:09:37 Virtual_RobotTeachIn ABB-UAL:01:Log-in successful|-|UAS_UID=5701651|1110|00302|-|robot|admin	302
<13>Dec 20 15:09:37 Virtual_RobotTeachIn ABB-UAL:01:Log-in successful|-|UAS_UID=5767191|1110|00303|-|robot|admin	303
<13>Dec 20 15:14:51 Virtual_RobotTeachIn ABB-UAL:01:Log-out (user logged out)|-|UAS_UID=5767191|1210|00304|-|robot|	304
<13>Dec 20 15:21:33 Virtual_RobotTeachIn ABB-UAL:01:Log-in successful|-|UAS_UID=5832727|1110|00305|-|robot|Default User	305
<13>Dec 20 15:21:33 Virtual_RobotTeachIn ABB-UAL:01:Log-in successful|-|UAS_UID=5898267|1110|00306|-|robot|Default User	306
<13>Dec 20 15:21:33 Virtual_RobotTeachIn ABB-UAL:01:Log-out (user logged out)|-|UAS_UID=5832727|1210|00307|-|robot|	307
<13>Dec 20 15:21:33 Virtual_RobotTeachIn ABB-UAL:01:Log-out (user logged out)|-|UAS_UID=5898267|1210|00308|-|robot|	308
<13>Dec 20 15:21:33 Virtual_RobotTeachIn ABB-UAL:01:Log-in successful|-|UAS_UID=5963799|1110|00309|-|robot|admin	309
<13>Dec 20 15:21:33 Virtual_RobotTeachIn ABB-UAL:01:Log-in successful|-|UAS_UID=6029339|1110|00310|-|robot|admin	310
<13>Dec 20 15:22:07 Virtual_RobotTeachIn ABB-UAL:01:Log-in successful|-|UAS_UID=6094877|1110|00311|-|robot|Default User	311
<13>Dec 20 15:22:07 Virtual_RobotTeachIn ABB-UAL:01:Log-in successful|-|UAS_UID=6160415|1110|00312|-|robot|Default User	312
<13>Dec 20 15:22:07 Virtual_RobotTeachIn ABB-UAL:01:Log-out (user logged out)|-|UAS_UID=6094877|1210|00313|-|robot|	313
<13>Dec 20 15:22:07 Virtual_RobotTeachIn ABB-UAL:01:Log-out (user logged out)|-|UAS_UID=6160415|1210|00314|-|robot|	314
<13>Dec 20 15:22:07 Virtual_RobotTeachIn ABB-UAL:01:Log-in successful|-|UAS_UID=6225949|1110|00315|-|robot|admin	315
<13>Dec 20 15:22:07 Virtual_RobotTeachIn ABB-UAL:01:Log-in successful|-|UAS_UID=6291487|1110|00316|-|robot|admin	316
<13>Dec 20 15:22:51 Virtual_RobotTeachIn ABB-UAL:01:Log-in successful|-|UAS_UID=6357025|1110|00317|-|robot|Default User	317
<13>Dec 20 15:22:52 Virtual_RobotTeachIn ABB-UAL:01:Log-in successful|-|UAS_UID=6422562|1110|00318|-|robot|Default User	318
<13>Dec 20 15:22:52 Virtual_RobotTeachIn ABB-UAL:01:Log-out (user logged out)|-|UAS_UID=6357025|1210|00319|-|robot|	319
<13>Dec 20 15:22:52 Virtual_RobotTeachIn ABB-UAL:01:Log-out (user logged out)|-|UAS_UID=6422562|1210|00320|-|robot|	320
<13>Dec 20 15:22:52 Virtual_RobotTeachIn ABB-UAL:01:Log-in successful|-|UAS_UID=6488097|1110|00321|-|robot|admin	321
<13>Dec 20 15:22:52 Virtual_RobotTeachIn ABB-UAL:01:Log-in successful|-|UAS_UID=6553634|1110|00322|-|robot|admin	322
<13>Dec 20 15:23:06 Virtual_RobotTeachIn ABB-UAL:01:Log-in successful|-|UAS_UID=6619171|1110|00323|-|robot|Default User	323
<13>Dec 20 15:23:06 Virtual_RobotTeachIn ABB-UAL:01:Log-in successful|-|UAS_UID=6684708|1110|00324|-|robot|Default User	324
<13>Dec 20 15:23:06 Virtual_RobotTeachIn ABB-UAL:01:Log-out (user logged out)|-|UAS_UID=6619171|1210|00325|-|robot|	325
<13>Dec 20 15:23:06 Virtual_RobotTeachIn ABB-UAL:01:Log-out (user logged out)|-|UAS_UID=6684708|1210|00326|-|robot|	326
<13>Dec 20 15:23:06 Virtual_RobotTeachIn ABB-UAL:01:Log-in successful|-|UAS_UID=6750243|1110|00327|-|robot|admin	327
<13>Dec 20 15:23:06 Virtual_RobotTeachIn ABB-UAL:01:Log-in successful|-|UAS_UID=6815780|1110|00328|-|robot|admin	328
<13>Dec 20 15:23:18 Virtual_RobotTeachIn ABB-UAL:01:Log-in successful|-|UAS_UID=6881317|1110|00329|-|robot|Default User	329
<13>Dec 20 15:23:19 Virtual_RobotTeachIn ABB-UAL:01:Log-in successful|-|UAS_UID=6946854|1110|00330|-|robot|Default User	330
<13>Dec 20 15:23:19 Virtual_RobotTeachIn ABB-UAL:01:Log-out (user logged out)|-|UAS_UID=6881317|1210|00331|-|robot|	331
<13>Dec 20 15:23:19 Virtual_RobotTeachIn ABB-UAL:01:Log-out (user logged out)|-|UAS_UID=6946854|1210|00332|-|robot|	332
<13>Dec 20 15:23:19 Virtual_RobotTeachIn ABB-UAL:01:Log-in successful|-|UAS_UID=7012389|1110|00333|-|robot|admin	333
<13>Dec 20 15:23:19 Virtual_RobotTeachIn ABB-UAL:01:Log-in successful|-|UAS_UID=7077926|1110|00334|-|robot|admin	334
<13>Dec 20 15:24:28 Virtual_RobotTeachIn ABB-UAL:01:Log-in successful|-|UAS_UID=7143463|1110|00335|-|robot|Default User	335
<13>Dec 20 15:24:29 Virtual_RobotTeachIn ABB-UAL:01:Log-in successful|-|UAS_UID=7209000|1110|00336|-|robot|Default User	336
<13>Dec 20 15:24:29 Virtual_RobotTeachIn ABB-UAL:01:Log-out (user logged out)|-|UAS_UID=7143463|1210|00337|-|robot|	337
<13>Dec 20 15:24:29 Virtual_RobotTeachIn ABB-UAL:01:Log-out (user logged out)|-|UAS_UID=7209000|1210|00338|-|robot|	338
<13>Dec 20 15:24:29 Virtual_RobotTeachIn ABB-UAL:01:Log-in successful|-|UAS_UID=7274535|1110|00339|-|robot|admin	339
<13>Dec 20 15:24:29 Virtual_RobotTeachIn ABB-UAL:01:Log-in successful|-|UAS_UID=7340072|1110|00340|-|robot|admin	340
<13>Dec 20 15:26:51 Virtual_RobotTeachIn ABB-UAL:01:Log-out (user logged out)|-|UAS_UID=6029339|1210|00341|-|robot|	341
<13>Dec 20 15:27:51 Virtual_RobotTeachIn ABB-UAL:01:Log-out (user logged out)|-|UAS_UID=6291487|1210|00342|-|robot|	342
<13>Dec 20 15:28:51 Virtual_RobotTeachIn ABB-UAL:01:Log-out (user logged out)|-|UAS_UID=6553634|1210|00343|-|robot|	343
<13>Dec 20 15:28:51 Virtual_RobotTeachIn ABB-UAL:01:Log-out (user logged out)|-|UAS_UID=7077926|1210|00344|-|robot|	344
<13>Dec 20 15:28:51 Virtual_RobotTeachIn ABB-UAL:01:Log-out (user logged out)|-|UAS_UID=6815780|1210|00345|-|robot|	345
<13>Dec 20 15:29:51 Virtual_RobotTeachIn ABB-UAL:01:Log-out (user logged out)|-|UAS_UID=7340072|1210|00346|-|robot|	346
<13>Dec 20 15:34:00 Virtual_RobotTeachIn ABB-UAL:01:Log-in successful|-|UAS_UID=7405595|1110|00347|-|robot|Default User	347
<13>Dec 20 15:34:01 Virtual_RobotTeachIn ABB-UAL:01:Log-in successful|-|UAS_UID=7471135|1110|00348|-|robot|Default User	348
<13>Dec 20 15:34:01 Virtual_RobotTeachIn ABB-UAL:01:Log-out (user logged out)|-|UAS_UID=7405595|1210|00349|-|robot|	349
<13>Dec 20 15:34:01 Virtual_RobotTeachIn ABB-UAL:01:Log-out (user logged out)|-|UAS_UID=7471135|1210|00350|-|robot|	350
<13>Dec 20 15:34:01 Virtual_RobotTeachIn ABB-UAL:01:Log-in successful|-|UAS_UID=7536667|1110|00351|-|robot|admin	351
<13>Dec 20 15:34:01 Virtual_RobotTeachIn ABB-UAL:01:Log-in successful|-|UAS_UID=7602207|1110|00352|-|robot|admin	352
<13>Dec 20 15:34:16 Virtual_RobotTeachIn ABB-UAL:01:Log-in successful|-|UAS_UID=7667746|1110|00353|-|robot|Default User	353
<13>Dec 20 15:34:17 Virtual_RobotTeachIn ABB-UAL:01:Log-in successful|-|UAS_UID=7733284|1110|00354|-|robot|Default User	354
<13>Dec 20 15:34:17 Virtual_RobotTeachIn ABB-UAL:01:Log-out (user logged out)|-|UAS_UID=7667746|1210|00355|-|robot|	355
<13>Dec 20 15:34:17 Virtual_RobotTeachIn ABB-UAL:01:Log-out (user logged out)|-|UAS_UID=7733284|1210|00356|-|robot|	356
<13>Dec 20 15:34:17 Virtual_RobotTeachIn ABB-UAL:01:Log-in successful|-|UAS_UID=7798818|1110|00357|-|robot|admin	357
<13>Dec 20 15:34:17 Virtual_RobotTeachIn ABB-UAL:01:Log-in successful|-|UAS_UID=7864356|1110|00358|-|robot|admin	358
<13>Dec 20 15:39:00 Virtual_RobotTeachIn ABB-UAL:01:Log-in successful|-|UAS_UID=7929894|1110|00359|-|robot|Default User	359
<13>Dec 20 15:39:00 Virtual_RobotTeachIn ABB-UAL:01:Log-in successful|-|UAS_UID=7995432|1110|00360|-|robot|Default User	360
<13>Dec 20 15:39:00 Virtual_RobotTeachIn ABB-UAL:01:Log-out (user logged out)|-|UAS_UID=7929894|1210|00361|-|robot|	361
<13>Dec 20 15:39:00 Virtual_RobotTeachIn ABB-UAL:01:Log-out (user logged out)|-|UAS_UID=7995432|1210|00362|-|robot|	362
<13>Dec 20 15:39:00 Virtual_RobotTeachIn ABB-UAL:01:Log-in successful|-|UAS_UID=8060966|1110|00363|-|robot|admin	363
<13>Dec 20 15:39:00 Virtual_RobotTeachIn ABB-UAL:01:Log-in successful|-|UAS_UID=8126504|1110|00364|-|robot|admin	364
<13>Dec 20 15:39:51 Virtual_RobotTeachIn ABB-UAL:01:Log-out (user logged out)|-|UAS_UID=7602207|1210|00365|-|robot|	365
<13>Dec 20 15:39:51 Virtual_RobotTeachIn ABB-UAL:01:Log-out (user logged out)|-|UAS_UID=7864356|1210|00366|-|robot|	366
<13>Dec 20 15:40:20 Virtual_RobotTeachIn ABB-UAL:01:Log-in successful|-|UAS_UID=8192031|1110|00367|-|robot|Default User	367
<13>Dec 20 15:40:21 Virtual_RobotTeachIn ABB-UAL:01:Log-in successful|-|UAS_UID=8257572|1110|00368|-|robot|Default User	368
<13>Dec 20 15:40:21 Virtual_RobotTeachIn ABB-UAL:01:Log-out (user logged out)|-|UAS_UID=8192031|1210|00369|-|robot|	369
<13>Dec 20 15:40:21 Virtual_RobotTeachIn ABB-UAL:01:Log-out (user logged out)|-|UAS_UID=8257572|1210|00370|-|robot|	370
<13>Dec 20 15:40:21 Virtual_RobotTeachIn ABB-UAL:01:Log-in successful|-|UAS_UID=8323103|1110|00371|-|robot|admin	371
<13>Dec 20 15:40:21 Virtual_RobotTeachIn ABB-UAL:01:Log-in successful|-|UAS_UID=8388644|1110|00372|-|robot|admin	372
<13>Dec 20 15:41:42 Virtual_RobotTeachIn ABB-UAL:01:Log-in successful|-|UAS_UID=8454185|1110|00373|-|robot|Default User	373
<13>Dec 20 15:41:42 Virtual_RobotTeachIn ABB-UAL:01:Log-in successful|-|UAS_UID=8519722|1110|00374|-|robot|Default User	374
<13>Dec 20 15:41:42 Virtual_RobotTeachIn ABB-UAL:01:Log-out (user logged out)|-|UAS_UID=8454185|1210|00375|-|robot|	375
<13>Dec 20 15:41:42 Virtual_RobotTeachIn ABB-UAL:01:Log-out (user logged out)|-|UAS_UID=8519722|1210|00376|-|robot|	376
<13>Dec 20 15:41:42 Virtual_RobotTeachIn ABB-UAL:01:Log-in successful|-|UAS_UID=8585257|1110|00377|-|robot|admin	377
<13>Dec 20 15:41:42 Virtual_RobotTeachIn ABB-UAL:01:Log-in successful|-|UAS_UID=8650794|1110|00378|-|robot|admin	378
<13>Dec 20 15:44:51 Virtual_RobotTeachIn ABB-UAL:01:Log-out (user logged out)|-|UAS_UID=8126504|1210|00379|-|robot|	379
<13>Dec 20 15:45:51 Virtual_RobotTeachIn ABB-UAL:01:Log-out (user logged out)|-|UAS_UID=8388644|1210|00380|-|robot|	380
<13>Dec 20 15:46:51 Virtual_RobotTeachIn ABB-UAL:01:Log-out (user logged out)|-|UAS_UID=8650794|1210|00381|-|robot|	381
<13>Dec 20 15:58:02 Virtual_RobotTeachIn ABB-UAL:01:Log-out (user logged out)|-|UAS_UID=524296|1210|00382|-|robot|	382
<13>Dec 20 15:58:02 Virtual_RobotTeachIn ABB-UAL:01:Log-out (user logged out)|-|UAS_UID=458759|1210|00383|-|robot|	383
<13>Dec 21 15:19:19 Virtual_RobotTeachIn ABB-UAL:01:Log-in successful|-|UAS_UID=65537|1110|00384|-|robot|NativeUser	384
<13>Dec 21 15:19:20 Virtual_RobotTeachIn ABB-UAL:01:Log-in successful|-|UAS_UID=131074|1110|00385|-|robot|NativeUser	385
<13>Dec 21 15:19:22 Virtual_RobotTeachIn ABB-UAL:01:Log-in successful|-|UAS_UID=196611|1110|00386|-|robot|NativeUser	386
<13>Dec 21 15:19:22 Virtual_RobotTeachIn ABB-UAL:01:Log-in successful|-|UAS_UID=262148|1110|00387|-|robot|NativeUser	387
<13>Dec 21 15:19:22 Virtual_RobotTeachIn ABB-UAL:01:Log-in successful|-|UAS_UID=327685|1110|00388|-|robot|NativeUser	388
<13>Dec 21 15:19:22 Virtual_RobotTeachIn ABB-UAL:01:Log-in successful|-|UAS_UID=393222|1110|00389|-|robot|NativeUser	389
<13>Dec 21 15:19:30 Virtual_RobotTeachIn ABB-UAL:01:Log-in successful|-|UAS_UID=458759|1110|00390|-|robot|Admin	390
<13>Dec 21 15:19:31 Virtual_RobotTeachIn ABB-UAL:01:Log-in successful|-|UAS_UID=524296|1110|00391|-|robot|Admin	391
<13>Dec 21 15:31:22 Virtual_RobotTeachIn ABB-UAL:01:Log-in successful|-|UAS_UID=589833|1110|00392|-|robot|Default User	392
<13>Dec 21 15:31:23 Virtual_RobotTeachIn ABB-UAL:01:Log-in successful|-|UAS_UID=655370|1110|00393|-|robot|Default User	393
<13>Dec 21 15:31:23 Virtual_RobotTeachIn ABB-UAL:01:Log-out (user logged out)|-|UAS_UID=589833|1210|00394|-|robot|	394
<13>Dec 21 15:31:23 Virtual_RobotTeachIn ABB-UAL:01:Log-out (user logged out)|-|UAS_UID=655370|1210|00395|-|robot|	395
<13>Dec 21 15:31:23 Virtual_RobotTeachIn ABB-UAL:01:Log-in successful|-|UAS_UID=720905|1110|00396|-|robot|admin	396
<13>Dec 21 15:31:23 Virtual_RobotTeachIn ABB-UAL:01:Log-in successful|-|UAS_UID=786442|1110|00397|-|robot|admin	397
<13>Dec 21 15:42:23 Virtual_RobotTeachIn ABB-UAL:01:Log-in successful|-|UAS_UID=851979|1110|00398|-|robot|NativeUser	398
<13>Dec 21 15:45:10 Virtual_RobotTeachIn ABB-UAL:01:Log-in successful|-|UAS_UID=917516|1110|00399|-|robot|Default User	399
<13>Dec 21 15:45:10 Virtual_RobotTeachIn ABB-UAL:01:Log-in successful|-|UAS_UID=983053|1110|00400|-|robot|Default User	400
<13>Dec 21 15:45:10 Virtual_RobotTeachIn ABB-UAL:01:Log-out (user logged out)|-|UAS_UID=917516|1210|00401|-|robot|	401
<13>Dec 21 15:45:10 Virtual_RobotTeachIn ABB-UAL:01:Log-out (user logged out)|-|UAS_UID=983053|1210|00402|-|robot|	402
<13>Dec 21 15:45:10 Virtual_RobotTeachIn ABB-UAL:01:Log-in successful|-|UAS_UID=1048588|1110|00403|-|robot|admin	403
<13>Dec 21 15:45:10 Virtual_RobotTeachIn ABB-UAL:01:Log-in successful|-|UAS_UID=1114125|1110|00404|-|robot|admin	404
<13>Dec 21 15:45:29 Virtual_RobotTeachIn ABB-UAL:01:Log-in successful|-|UAS_UID=1179662|1110|00405|-|robot|Default User	405
<13>Dec 21 15:45:29 Virtual_RobotTeachIn ABB-UAL:01:Log-in successful|-|UAS_UID=1245199|1110|00406|-|robot|Default User	406
<13>Dec 21 15:45:29 Virtual_RobotTeachIn ABB-UAL:01:Log-out (user logged out)|-|UAS_UID=1179662|1210|00407|-|robot|	407
<13>Dec 21 15:45:29 Virtual_RobotTeachIn ABB-UAL:01:Log-out (user logged out)|-|UAS_UID=1245199|1210|00408|-|robot|	408
<13>Dec 21 15:45:29 Virtual_RobotTeachIn ABB-UAL:01:Log-in successful|-|UAS_UID=1310734|1110|00409|-|robot|admin	409
<13>Dec 21 15:45:29 Virtual_RobotTeachIn ABB-UAL:01:Log-in successful|-|UAS_UID=1376271|1110|00410|-|robot|admin	410
<13>Dec 21 15:45:31 Virtual_RobotTeachIn ABB-UAL:01:Log-out (user logged out)|-|UAS_UID=786442|1210|00411|-|robot|	411
<13>Dec 21 15:48:29 Virtual_RobotTeachIn ABB-UAL:01:Log-in successful|-|UAS_UID=1441802|1110|00412|-|robot|Default User	412
<13>Dec 21 15:48:29 Virtual_RobotTeachIn ABB-UAL:01:Log-in successful|-|UAS_UID=1507344|1110|00413|-|robot|Default User	413
<13>Dec 21 15:48:29 Virtual_RobotTeachIn ABB-UAL:01:Log-out (user logged out)|-|UAS_UID=1441802|1210|00414|-|robot|	414
<13>Dec 21 15:48:29 Virtual_RobotTeachIn ABB-UAL:01:Log-out (user logged out)|-|UAS_UID=1507344|1210|00415|-|robot|	415
<13>Dec 21 15:48:29 Virtual_RobotTeachIn ABB-UAL:01:Log-in successful|-|UAS_UID=1572874|1110|00416|-|robot|admin	416
<13>Dec 21 15:48:29 Virtual_RobotTeachIn ABB-UAL:01:Log-in successful|-|UAS_UID=1638416|1110|00417|-|robot|admin	417
<13>Dec 21 15:50:18 Virtual_RobotTeachIn ABB-UAL:01:Log-in successful|-|UAS_UID=1703953|1110|00418|-|robot|Default User	418
<13>Dec 21 15:50:19 Virtual_RobotTeachIn ABB-UAL:01:Log-in successful|-|UAS_UID=1769490|1110|00419|-|robot|Default User	419
<13>Dec 21 15:50:19 Virtual_RobotTeachIn ABB-UAL:01:Log-out (user logged out)|-|UAS_UID=1703953|1210|00420|-|robot|	420
<13>Dec 21 15:50:19 Virtual_RobotTeachIn ABB-UAL:01:Log-out (user logged out)|-|UAS_UID=1769490|1210|00421|-|robot|	421
<13>Dec 21 15:50:19 Virtual_RobotTeachIn ABB-UAL:01:Log-in successful|-|UAS_UID=1835025|1110|00422|-|robot|admin	422
<13>Dec 21 15:50:19 Virtual_RobotTeachIn ABB-UAL:01:Log-in successful|-|UAS_UID=1900562|1110|00423|-|robot|admin	423
<13>Dec 21 15:50:31 Virtual_RobotTeachIn ABB-UAL:01:Log-out (user logged out)|-|UAS_UID=1376271|1210|00424|-|robot|	424
<13>Dec 21 15:50:31 Virtual_RobotTeachIn ABB-UAL:01:Log-out (user logged out)|-|UAS_UID=1114125|1210|00425|-|robot|	425
<13>Dec 21 15:50:35 Virtual_RobotTeachIn ABB-UAL:01:Log-in successful|-|UAS_UID=1966093|1110|00426|-|robot|Default User	426
<13>Dec 21 15:50:35 Virtual_RobotTeachIn ABB-UAL:01:Log-in successful|-|UAS_UID=2031631|1110|00427|-|robot|Default User	427
<13>Dec 21 15:50:35 Virtual_RobotTeachIn ABB-UAL:01:Log-out (user logged out)|-|UAS_UID=1966093|1210|00428|-|robot|	428
<13>Dec 21 15:50:35 Virtual_RobotTeachIn ABB-UAL:01:Log-out (user logged out)|-|UAS_UID=2031631|1210|00429|-|robot|	429
<13>Dec 21 15:50:35 Virtual_RobotTeachIn ABB-UAL:01:Log-in successful|-|UAS_UID=2097165|1110|00430|-|robot|admin	430
<13>Dec 21 15:50:35 Virtual_RobotTeachIn ABB-UAL:01:Log-in successful|-|UAS_UID=2162703|1110|00431|-|robot|admin	431
<13>Dec 21 15:53:31 Virtual_RobotTeachIn ABB-UAL:01:Log-out (user logged out)|-|UAS_UID=1638416|1210|00432|-|robot|	432
<13>Dec 21 15:55:31 Virtual_RobotTeachIn ABB-UAL:01:Log-out (user logged out)|-|UAS_UID=1900562|1210|00433|-|robot|	433
<13>Dec 21 16:02:31 Virtual_RobotTeachIn ABB-UAL:01:Log-out (user logged out)|-|UAS_UID=2162703|1210|00434|-|robot|	434
<13>Dec 21 16:39:04 Virtual_RobotTeachIn ABB-UAL:01:Log-in successful|-|UAS_UID=2228239|1110|00435|-|robot|Default User	435
<13>Dec 21 16:39:04 Virtual_RobotTeachIn ABB-UAL:01:Log-in successful|-|UAS_UID=2293776|1110|00436|-|robot|Default User	436
<13>Dec 21 16:39:04 Virtual_RobotTeachIn ABB-UAL:01:Log-out (user logged out)|-|UAS_UID=2228239|1210|00437|-|robot|	437
<13>Dec 21 16:39:04 Virtual_RobotTeachIn ABB-UAL:01:Log-out (user logged out)|-|UAS_UID=2293776|1210|00438|-|robot|	438
<13>Dec 21 16:39:04 Virtual_RobotTeachIn ABB-UAL:01:Log-in successful|-|UAS_UID=2359311|1110|00439|-|robot|admin	439
<13>Dec 21 16:39:04 Virtual_RobotTeachIn ABB-UAL:01:Log-in successful|-|UAS_UID=2424848|1110|00440|-|robot|admin	440
<13>Dec 21 16:44:31 Virtual_RobotTeachIn ABB-UAL:01:Log-out (user logged out)|-|UAS_UID=2424848|1210|00441|-|robot|	441
<13>Dec 21 16:51:40 Virtual_RobotTeachIn ABB-UAL:01:Log-in successful|-|UAS_UID=2490384|1110|00442|-|robot|Default User	442
<13>Dec 21 16:51:40 Virtual_RobotTeachIn ABB-UAL:01:Log-in successful|-|UAS_UID=2555922|1110|00443|-|robot|Default User	443
<13>Dec 21 16:51:40 Virtual_RobotTeachIn ABB-UAL:01:Log-out (user logged out)|-|UAS_UID=2490384|1210|00444|-|robot|	444
<13>Dec 21 16:51:40 Virtual_RobotTeachIn ABB-UAL:01:Log-out (user logged out)|-|UAS_UID=2555922|1210|00445|-|robot|	445
<13>Dec 21 16:51:40 Virtual_RobotTeachIn ABB-UAL:01:Log-in successful|-|UAS_UID=2621456|1110|00446|-|robot|admin	446
<13>Dec 21 16:51:40 Virtual_RobotTeachIn ABB-UAL:01:Log-in successful|-|UAS_UID=2686994|1110|00447|-|robot|admin	447
<13>Dec 21 16:52:19 Virtual_RobotTeachIn ABB-UAL:01:Log-in successful|-|UAS_UID=2752531|1110|00448|-|robot|Default User	448
<13>Dec 21 16:52:19 Virtual_RobotTeachIn ABB-UAL:01:Log-in successful|-|UAS_UID=2818068|1110|00449|-|robot|Default User	449
<13>Dec 21 16:52:19 Virtual_RobotTeachIn ABB-UAL:01:Log-out (user logged out)|-|UAS_UID=2752531|1210|00450|-|robot|	450
<13>Dec 21 16:52:19 Virtual_RobotTeachIn ABB-UAL:01:Log-out (user logged out)|-|UAS_UID=2818068|1210|00451|-|robot|	451
<13>Dec 21 16:52:19 Virtual_RobotTeachIn ABB-UAL:01:Log-in successful|-|UAS_UID=2883603|1110|00452|-|robot|admin	452
<13>Dec 21 16:52:19 Virtual_RobotTeachIn ABB-UAL:01:Log-in successful|-|UAS_UID=2949140|1110|00453|-|robot|admin	453
<13>Dec 21 16:52:35 Virtual_RobotTeachIn ABB-UAL:01:Log-out (user logged out)|-|UAS_UID=458759|1210|00454|-|robot|	454
<13>Dec 21 16:52:35 Virtual_RobotTeachIn ABB-UAL:01:Log-out (user logged out)|-|UAS_UID=720905|1210|00455|-|robot|	455
<13>Dec 21 16:52:35 Virtual_RobotTeachIn ABB-UAL:01:Log-out (user logged out)|-|UAS_UID=1572874|1210|00456|-|robot|	456
<13>Dec 21 16:53:41 Virtual_RobotTeachIn ABB-UAL:01:Log-in successful|-|UAS_UID=65537|1110|00457|-|robot|NativeUser	457
<13>Dec 21 16:53:42 Virtual_RobotTeachIn ABB-UAL:01:Log-in successful|-|UAS_UID=131074|1110|00458|-|robot|NativeUser	458
<13>Dec 21 16:53:43 Virtual_RobotTeachIn ABB-UAL:01:Log-in successful|-|UAS_UID=196611|1110|00459|-|robot|NativeUser	459
<13>Dec 21 16:53:43 Virtual_RobotTeachIn ABB-UAL:01:Log-in successful|-|UAS_UID=262148|1110|00460|-|robot|NativeUser	460
<13>Dec 21 16:53:43 Virtual_RobotTeachIn ABB-UAL:01:Log-in successful|-|UAS_UID=327685|1110|00461|-|robot|NativeUser	461
<13>Dec 21 16:53:43 Virtual_RobotTeachIn ABB-UAL:01:Log-in successful|-|UAS_UID=393222|1110|00462|-|robot|NativeUser	462
<13>Dec 21 16:53:53 Virtual_RobotTeachIn ABB-UAL:01:Log-in successful|-|UAS_UID=458759|1110|00463|-|robot|Admin	463
<13>Dec 21 16:53:53 Virtual_RobotTeachIn ABB-UAL:01:Log-in successful|-|UAS_UID=524296|1110|00464|-|robot|admin	464
<13>Dec 21 16:53:53 Virtual_RobotTeachIn ABB-UAL:01:Log-in successful|-|UAS_UID=589833|1110|00465|-|robot|admin	465
<13>Dec 21 16:53:53 Virtual_RobotTeachIn ABB-UAL:01:Log-in successful|-|UAS_UID=655370|1110|00466|-|robot|Admin	466
<13>Dec 21 16:54:04 Virtual_RobotTeachIn ABB-UAL:01:Log-in successful|-|UAS_UID=720907|1110|00467|-|robot|Default User	467
<13>Dec 21 16:54:04 Virtual_RobotTeachIn ABB-UAL:01:Log-in successful|-|UAS_UID=786444|1110|00468|-|robot|Default User	468
<13>Dec 21 16:54:05 Virtual_RobotTeachIn ABB-UAL:01:Log-out (user logged out)|-|UAS_UID=720907|1210|00469|-|robot|	469
<13>Dec 21 16:54:05 Virtual_RobotTeachIn ABB-UAL:01:Log-out (user logged out)|-|UAS_UID=786444|1210|00470|-|robot|	470
<13>Dec 21 16:54:05 Virtual_RobotTeachIn ABB-UAL:01:Log-in successful|-|UAS_UID=851979|1110|00471|-|robot|admin	471
<13>Dec 21 16:54:05 Virtual_RobotTeachIn ABB-UAL:01:Log-in successful|-|UAS_UID=917516|1110|00472|-|robot|admin	472
<13>Dec 21 16:56:52 Virtual_RobotTeachIn ABB-UAL:01:Log-out (user logged out)|-|UAS_UID=655370|1210|00473|-|robot|	473
<13>Dec 21 16:56:52 Virtual_RobotTeachIn ABB-UAL:01:Log-out (user logged out)|-|UAS_UID=458759|1210|00474|-|robot|	474
<13>Dec 21 16:56:52 Virtual_RobotTeachIn ABB-UAL:01:Log-out (user logged out)|-|UAS_UID=524296|1210|00475|-|robot|	475
<13>Dec 21 16:56:52 Virtual_RobotTeachIn ABB-UAL:01:Log-out (user logged out)|-|UAS_UID=851979|1210|00476|-|robot|	476
<13>Dec 21 16:56:52 Virtual_RobotTeachIn ABB-UAL:01:Log-out (user logged out)|-|Socket=8320|1210|00477|-|robot|	477
<13>Dec 22 07:47:09 Virtual_RobotTeachIn ABB-UAL:01:Log-in successful|-|UAS_UID=65537|1110|00478|-|robot|NativeUser	478
<13>Dec 22 07:47:10 Virtual_RobotTeachIn ABB-UAL:01:Log-in successful|-|UAS_UID=131074|1110|00479|-|robot|NativeUser	479
<13>Dec 22 07:47:12 Virtual_RobotTeachIn ABB-UAL:01:Log-in successful|-|UAS_UID=196611|1110|00480|-|robot|NativeUser	480
<13>Dec 22 07:47:13 Virtual_RobotTeachIn ABB-UAL:01:Log-in successful|-|UAS_UID=262148|1110|00481|-|robot|NativeUser	481
<13>Dec 22 07:47:13 Virtual_RobotTeachIn ABB-UAL:01:Log-in successful|-|UAS_UID=327685|1110|00482|-|robot|NativeUser	482
<13>Dec 22 07:47:13 Virtual_RobotTeachIn ABB-UAL:01:Log-in successful|-|UAS_UID=393222|1110|00483|-|robot|NativeUser	483
<13>Dec 22 07:47:21 Virtual_RobotTeachIn ABB-UAL:01:Log-in successful|-|UAS_UID=458759|1110|00484|-|robot|Admin	484
<13>Dec 22 07:47:22 Virtual_RobotTeachIn ABB-UAL:01:Log-in successful|-|UAS_UID=524296|1110|00485|-|robot|Admin	485
<13>Dec 22 07:55:23 Virtual_RobotTeachIn ABB-UAL:01:Control system restarted|-|restart warmstart|5150|00486|-|robot|458759	486
<13>Dec 22 07:55:27 Virtual_RobotTeachIn ABB-UAL:01:Log-in successful|-|UAS_UID=65537|1110|00487|-|robot|NativeUser	487
<13>Dec 22 07:55:28 Virtual_RobotTeachIn ABB-UAL:01:Log-in successful|-|UAS_UID=131074|1110|00488|-|robot|NativeUser	488
<13>Dec 22 07:55:29 Virtual_RobotTeachIn ABB-UAL:01:Log-in successful|-|UAS_UID=196611|1110|00489|-|robot|NativeUser	489
<13>Dec 22 07:55:30 Virtual_RobotTeachIn ABB-UAL:01:Log-in successful|-|UAS_UID=262148|1110|00490|-|robot|NativeUser	490
<13>Dec 22 07:55:30 Virtual_RobotTeachIn ABB-UAL:01:Log-in successful|-|UAS_UID=327685|1110|00491|-|robot|NativeUser	491
<13>Dec 22 07:55:30 Virtual_RobotTeachIn ABB-UAL:01:Log-in successful|-|UAS_UID=393222|1110|00492|-|robot|NativeUser	492
<13>Dec 22 07:55:43 Virtual_RobotTeachIn ABB-UAL:01:Log-in successful|-|UAS_UID=458759|1110|00493|-|robot|Admin	493
<13>Dec 22 07:55:43 Virtual_RobotTeachIn ABB-UAL:01:Log-in successful|-|UAS_UID=524296|1110|00494|-|robot|Admin	494
<13>Dec 22 08:35:48 Virtual_RobotTeachIn ABB-UAL:01:Log-in successful|-|UAS_UID=589833|1110|00495|-|robot|Default User	495
<13>Dec 22 08:35:48 Virtual_RobotTeachIn ABB-UAL:01:Log-in successful|-|UAS_UID=655370|1110|00496|-|robot|Default User	496
<13>Dec 22 08:35:48 Virtual_RobotTeachIn ABB-UAL:01:Log-out (user logged out)|-|UAS_UID=589833|1210|00497|-|robot|	497
<13>Dec 22 08:35:48 Virtual_RobotTeachIn ABB-UAL:01:Log-out (user logged out)|-|UAS_UID=655370|1210|00498|-|robot|	498
<13>Dec 22 08:35:48 Virtual_RobotTeachIn ABB-UAL:01:Log-in successful|-|UAS_UID=720905|1110|00499|-|robot|admin	499
<13>Dec 22 08:35:48 Virtual_RobotTeachIn ABB-UAL:01:Log-in successful|-|UAS_UID=786442|1110|00500|-|robot|admin	500
-----BEGIN DIGEST-----
5E6B927/dd4S2KhSQVie4HeJVrSHFbfDOeWRICrG1jAXeyK4uuggyFvUfoYPG67MsHGoug==
-----END DIGEST-----
